<?xml version="1.0" encoding="UTF-8"?>
<!-- Generated by org.testng.reporters.JUnitReportReporter -->
<testsuite hostname="DESKTOP-HNAEA5M" name="example.NewTest" tests="1" failures="0" timestamp="29 Aug 2017 13:08:45 GMT" time="23.303" errors="0">
  <testcase name="testEasy" time="23.303" classname="example.NewTest"/>
</testsuite> <!-- example.NewTest -->
